2023-11-26 23:27:24 Loading main app package /opt/Obsidian/resources/obsidian.asar
2023-11-26 23:27:24 Checking for update using Github
2023-11-26 23:27:24 Success.
2023-11-26 23:27:24 Latest version is 1.4.16
2023-11-26 23:27:24 App is up to date.
2023-11-26 23:29:27 Loading main app package /opt/Obsidian/resources/obsidian.asar
2023-11-26 23:29:27 Checking for update using Github
2023-11-26 23:29:27 Success.
2023-11-26 23:29:27 Latest version is 1.4.16
2023-11-26 23:29:27 App is up to date.
2023-11-27 00:29:27 Checking for update using Github
2023-11-27 00:29:27 Success.
2023-11-27 00:29:27 Latest version is 1.4.16
2023-11-27 00:29:27 App is up to date.
2023-11-27 01:29:27 Checking for update using Github
2023-11-27 01:29:27 Success.
2023-11-27 01:29:27 Latest version is 1.4.16
2023-11-27 01:29:27 App is up to date.
2023-11-27 02:29:27 Checking for update using Github
2023-11-27 02:29:27 Success.
2023-11-27 02:29:27 Latest version is 1.4.16
2023-11-27 02:29:27 App is up to date.
2023-11-27 02:55:57 Loading main app package /opt/Obsidian/resources/obsidian.asar
2023-11-27 02:55:57 Checking for update using Github
2023-11-27 02:55:58 Success.
2023-11-27 02:55:58 Latest version is 1.4.16
2023-11-27 02:55:58 App is up to date.
